#
# A fatal error has been detected by the Java Runtime Environment:
#
#  EXCEPTION_ACCESS_VIOLATION (0xc0000005) at pc=0x00000000603525fb, pid=8404, tid=2172
#
# JRE version: Java(TM) SE Runtime Environment (7.0_55-b13) (build 1.7.0_55-b13)
# Java VM: Java HotSpot(TM) 64-Bit Server VM (24.55-b03 mixed mode windows-amd64 compressed oops)
# Problematic frame:
# V  [jvm.dll+0x1425fb]
#
# Failed to write core dump. Minidumps are not enabled by default on client versions of Windows
#
# If you would like to submit a bug report, please visit:
#   http://bugreport.sun.com/bugreport/crash.jsp
#

---------------  T H R E A D  ---------------

Current thread (0x000000000bef6000):  JavaThread "JDWP Transport Listener: dt_socket" daemon [_thread_in_vm, id=2172, stack(0x000000000db50000,0x000000000dc50000)]

siginfo: ExceptionCode=0xc0000005, reading address 0x0000000000003b72

Registers:
RAX=0x000000000dc4f301, RBX=0x000000000bef6000, RCX=0x0000000000003b72, RDX=0x0000000000000000
RSP=0x000000000dc4f2d0, RBP=0x0000000000003b72, RSI=0x000000000dc4f3e8, RDI=0x0000000001fb8b90
R8 =0x000000000bef6000, R9 =0x696e698d01600016, R10=0x75646f4d2f656c75, R11=0x000000000c02ec5b
R12=0x0000000000000000, R13=0x0000000001eedb28, R14=0x0000000000000000, R15=0x0000000000000000
RIP=0x00000000603525fb, EFLAGS=0x0000000000010206

Top of Stack: (sp=0x000000000dc4f2d0)
0x000000000dc4f2d0:   000000000bef6000 0000000000000008
0x000000000dc4f2e0:   000000000dc4f398 00000000604f1419
0x000000000dc4f2f0:   000000000bef6000 000000006050efc2
0x000000000dc4f300:   0000000000000066 000000006f708e89
0x000000000dc4f310:   000000000e870b18 000000006f71265a
0x000000000dc4f320:   000000000bef6000 0000000000000000
0x000000000dc4f330:   0000000000000000 0000000000000000
0x000000000dc4f340:   0000000000003b72 000000006f711751
0x000000000dc4f350:   000000000dc4f3e8 000000000dc4f3c0
0x000000000dc4f360:   0000000000000001 000000000e870b18
0x000000000dc4f370:   0000000000003b72 000000006f6f53b3
0x000000000dc4f380:   000000000dc4f4b0 0000000000000001
0x000000000dc4f390:   0000000000000001 000000000e870b18
0x000000000dc4f3a0:   0000000000000009 0000000000000000
0x000000000dc4f3b0:   0000000000000000 0000000000000000
0x000000000dc4f3c0:   0000000000000001 000000006f6f5571 

Instructions: (pc=0x00000000603525fb)
0x00000000603525db:   48 8b 5c 24 30 48 89 47 18 48 83 c4 20 5f c3 cc
0x00000000603525eb:   cc cc cc cc cc 40 53 48 83 ec 20 48 85 c9 74 54
0x00000000603525fb:   48 8b 19 48 85 db 74 4c 48 b8 fe fe fe fe fe fe
0x000000006035260b:   fe fe 48 3b d8 74 3d 80 3d 1f 86 60 00 00 74 15 


Register to memory mapping:

RAX=0x000000000dc4f301 is pointing into the stack for thread: 0x000000000bef6000
RBX=0x000000000bef6000 is a thread
RCX=0x0000000000003b72 is an unknown value
RDX=0x0000000000000000 is an unknown value
RSP=0x000000000dc4f2d0 is pointing into the stack for thread: 0x000000000bef6000
RBP=0x0000000000003b72 is an unknown value
RSI=0x000000000dc4f3e8 is pointing into the stack for thread: 0x000000000bef6000
RDI=0x0000000001fb8b90 is an unknown value
R8 =0x000000000bef6000 is a thread
R9 =0x696e698d01600016 is an unknown value
R10=0x75646f4d2f656c75 is an unknown value
R11=0x000000000c02ec5b is an unknown value
R12=0x0000000000000000 is an unknown value
R13=0x0000000001eedb28 is an unknown value
R14=0x0000000000000000 is an unknown value
R15=0x0000000000000000 is an unknown value


Stack: [0x000000000db50000,0x000000000dc50000],  sp=0x000000000dc4f2d0,  free space=1020k
Native frames: (J=compiled Java code, j=interpreted, Vv=VM code, C=native code)
V  [jvm.dll+0x1425fb]


---------------  P R O C E S S  ---------------

Java Threads: ( => current thread )
  0x000000000bf17800 JavaThread "Service Thread" daemon [_thread_blocked, id=3172, stack(0x000000000d2b0000,0x000000000d3b0000)]
  0x000000000bf16800 JavaThread "C2 CompilerThread1" daemon [_thread_blocked, id=1216, stack(0x000000000e280000,0x000000000e380000)]
  0x000000000bf15000 JavaThread "C2 CompilerThread0" daemon [_thread_blocked, id=5680, stack(0x000000000e100000,0x000000000e200000)]
  0x000000000bf01800 JavaThread "JDWP Command Reader" daemon [_thread_in_native, id=8488, stack(0x000000000df60000,0x000000000e060000)]
  0x000000000bf00800 JavaThread "JDWP Event Helper Thread" daemon [_thread_blocked, id=6152, stack(0x000000000dd10000,0x000000000de10000)]
=>0x000000000bef6000 JavaThread "JDWP Transport Listener: dt_socket" daemon [_thread_in_vm, id=2172, stack(0x000000000db50000,0x000000000dc50000)]
  0x000000000ae5a800 JavaThread "Attach Listener" daemon [_thread_blocked, id=7392, stack(0x000000000d3b0000,0x000000000d4b0000)]
  0x000000000ae5a000 JavaThread "Signal Dispatcher" daemon [_thread_blocked, id=7892, stack(0x000000000d1b0000,0x000000000d2b0000)]
  0x0000000001f5f000 JavaThread "Finalizer" daemon [_thread_blocked, id=9144, stack(0x000000000ce10000,0x000000000cf10000)]
  0x0000000001f5c800 JavaThread "Reference Handler" daemon [_thread_blocked, id=8248, stack(0x000000000cf80000,0x000000000d080000)]
  0x0000000001ec8000 JavaThread "main" [_thread_blocked, id=1548, stack(0x0000000002270000,0x0000000002370000)]

Other Threads:
  0x000000000ae3e000 VMThread [stack: 0x0000000005bf0000,0x0000000005cf0000] [id=7092]
  0x000000000bf2b800 WatcherThread [stack: 0x000000000e4d0000,0x000000000e5d0000] [id=6772]

VM state:not at safepoint (normal execution)

VM Mutex/Monitor currently owned by a thread: None

Heap
 PSYoungGen      total 38400K, used 15229K [0x00000007d5900000, 0x00000007d8380000, 0x0000000800000000)
  eden space 33280K, 30% used [0x00000007d5900000,0x00000007d62e5c68,0x00000007d7980000)
  from space 5120K, 99% used [0x00000007d7e80000,0x00000007d8379a98,0x00000007d8380000)
  to   space 5120K, 0% used [0x00000007d7980000,0x00000007d7980000,0x00000007d7e80000)
 ParOldGen       total 86528K, used 2334K [0x0000000780c00000, 0x0000000786080000, 0x00000007d5900000)
  object space 86528K, 2% used [0x0000000780c00000,0x0000000780e47ac0,0x0000000786080000)
 PSPermGen       total 21504K, used 17856K [0x000000077ba00000, 0x000000077cf00000, 0x0000000780c00000)
  object space 21504K, 83% used [0x000000077ba00000,0x000000077cb700e0,0x000000077cf00000)

Card table byte_map: [0x0000000005370000,0x00000000057a0000] byte_map_base: 0x0000000001793000

Polling page: 0x0000000000100000

Code Cache  [0x0000000002370000, 0x00000000025e0000, 0x0000000005370000)
 total_blobs=497 nmethods=188 adapters=269 free_code_cache=48289Kb largest_free_block=49397248

Compilation events (10 events):
Event: 7.289 Thread 0x000000000bf16800 nmethod 189 0x000000000244df50 code [0x000000000244e080, 0x000000000244e0f8]
Event: 7.290 Thread 0x000000000bf15000 nmethod 190 0x000000000244dcd0 code [0x000000000244de00, 0x000000000244de78]
Event: 7.296 Thread 0x000000000bf16800  191             java.lang.ClassLoader::compareCerts (149 bytes)
Event: 7.303 Thread 0x000000000bf15000  192             java.util.Arrays::equals (54 bytes)
Event: 7.305 Thread 0x000000000bf15000 nmethod 192 0x0000000002417a50 code [0x0000000002417b80, 0x0000000002417d78]
Event: 7.306 Thread 0x000000000bf16800 nmethod 191 0x000000000244b290 code [0x000000000244b400, 0x000000000244bc58]
Event: 8.202 Thread 0x000000000bf15000  193             java.io.Win32FileSystem::normalize (231 bytes)
Event: 8.217 Thread 0x000000000bf15000 nmethod 193 0x0000000002415f10 code [0x0000000002416120, 0x0000000002417148]
Event: 48.957 Thread 0x000000000bf16800  194             java.util.HashMap$Entry::getKey (5 bytes)
Event: 48.957 Thread 0x000000000bf16800 nmethod 194 0x000000000244e190 code [0x000000000244e2c0, 0x000000000244e338]

GC Heap History (4 events):
Event: 1.154 GC heap before
{Heap before GC invocations=1 (full 0):
 PSYoungGen      total 38400K, used 33280K [0x00000007d5900000, 0x00000007d8380000, 0x0000000800000000)
  eden space 33280K, 100% used [0x00000007d5900000,0x00000007d7980000,0x00000007d7980000)
  from space 5120K, 0% used [0x00000007d7e80000,0x00000007d7e80000,0x00000007d8380000)
  to   space 5120K, 0% used [0x00000007d7980000,0x00000007d7980000,0x00000007d7e80000)
 ParOldGen       total 86528K, used 0K [0x0000000780c00000, 0x0000000786080000, 0x00000007d5900000)
  object space 86528K, 0% used [0x0000000780c00000,0x0000000780c00000,0x0000000786080000)
 PSPermGen       total 21504K, used 10225K [0x000000077ba00000, 0x000000077cf00000, 0x0000000780c00000)
  object space 21504K, 47% used [0x000000077ba00000,0x000000077c3fc790,0x000000077cf00000)
Event: 1.160 GC heap after
Heap after GC invocations=1 (full 0):
 PSYoungGen      total 38400K, used 5097K [0x00000007d5900000, 0x00000007d8380000, 0x0000000800000000)
  eden space 33280K, 0% used [0x00000007d5900000,0x00000007d5900000,0x00000007d7980000)
  from space 5120K, 99% used [0x00000007d7980000,0x00000007d7e7a588,0x00000007d7e80000)
  to   space 5120K, 0% used [0x00000007d7e80000,0x00000007d7e80000,0x00000007d8380000)
 ParOldGen       total 86528K, used 1370K [0x0000000780c00000, 0x0000000786080000, 0x00000007d5900000)
  object space 86528K, 1% used [0x0000000780c00000,0x0000000780d56840,0x0000000786080000)
 PSPermGen       total 21504K, used 10225K [0x000000077ba00000, 0x000000077cf00000, 0x0000000780c00000)
  object space 21504K, 47% used [0x000000077ba00000,0x000000077c3fc790,0x000000077cf00000)
}
Event: 7.051 GC heap before
{Heap before GC invocations=2 (full 0):
 PSYoungGen      total 38400K, used 38377K [0x00000007d5900000, 0x00000007d8380000, 0x0000000800000000)
  eden space 33280K, 100% used [0x00000007d5900000,0x00000007d7980000,0x00000007d7980000)
  from space 5120K, 99% used [0x00000007d7980000,0x00000007d7e7a588,0x00000007d7e80000)
  to   space 5120K, 0% used [0x00000007d7e80000,0x00000007d7e80000,0x00000007d8380000)
 ParOldGen       total 86528K, used 1370K [0x0000000780c00000, 0x0000000786080000, 0x00000007d5900000)
  object space 86528K, 1% used [0x0000000780c00000,0x0000000780d56840,0x0000000786080000)
 PSPermGen       total 21504K, used 15495K [0x000000077ba00000, 0x000000077cf00000, 0x0000000780c00000)
  object space 21504K, 72% used [0x000000077ba00000,0x000000077c921c30,0x000000077cf00000)
Event: 7.057 GC heap after
Heap after GC invocations=2 (full 0):
 PSYoungGen      total 38400K, used 5094K [0x00000007d5900000, 0x00000007d8380000, 0x0000000800000000)
  eden space 33280K, 0% used [0x00000007d5900000,0x00000007d5900000,0x00000007d7980000)
  from space 5120K, 99% used [0x00000007d7e80000,0x00000007d8379a98,0x00000007d8380000)
  to   space 5120K, 0% used [0x00000007d7980000,0x00000007d7980000,0x00000007d7e80000)
 ParOldGen       total 86528K, used 2334K [0x0000000780c00000, 0x0000000786080000, 0x00000007d5900000)
  object space 86528K, 2% used [0x0000000780c00000,0x0000000780e47ac0,0x0000000786080000)
 PSPermGen       total 21504K, used 15495K [0x000000077ba00000, 0x000000077cf00000, 0x0000000780c00000)
  object space 21504K, 72% used [0x000000077ba00000,0x000000077c921c30,0x000000077cf00000)
}

Deoptimization events (10 events):
Event: 0.805 Thread 0x0000000001ec8000 Uncommon trap: reason=class_check action=maybe_recompile pc=0x00000000023d5ec8 method=java.lang.String.equals(Ljava/lang/Object;)Z @ 8
Event: 1.008 Thread 0x0000000001ec8000 Uncommon trap: reason=null_check action=make_not_entrant pc=0x00000000023d5ed8 method=java.lang.String.equals(Ljava/lang/Object;)Z @ 8
Event: 1.738 Thread 0x0000000001ec8000 Uncommon trap: reason=range_check action=make_not_entrant pc=0x0000000002400050 method=sun.reflect.generics.parser.SignatureParser.current()C @ 34
Event: 6.062 Thread 0x0000000001ec8000 Uncommon trap: reason=unreached action=reinterpret pc=0x000000000242208c method=java.lang.Throwable.getOurStackTrace()[Ljava/lang/StackTraceElement; @ 7
Event: 6.956 Thread 0x0000000001ec8000 Uncommon trap: reason=class_check action=maybe_recompile pc=0x00000000023d692c method=java.util.Properties$LineReader.readLine()I @ 62
Event: 7.270 Thread 0x0000000001ec8000 Uncommon trap: reason=class_check action=maybe_recompile pc=0x000000000244871c method=java.util.concurrent.ConcurrentHashMap$Segment.put(Ljava/lang/Object;ILjava/lang/Object;Z)Ljava/lang/Object; @ 77
Event: 7.270 Thread 0x0000000001ec8000 Uncommon trap: reason=class_check action=maybe_recompile pc=0x000000000244871c method=java.util.concurrent.ConcurrentHashMap$Segment.put(Ljava/lang/Object;ILjava/lang/Object;Z)Ljava/lang/Object; @ 77
Event: 7.308 Thread 0x0000000001ec8000 Uncommon trap: reason=null_check action=make_not_entrant pc=0x000000000243b0f0 method=java.lang.StringCoding.deref(Ljava/lang/ThreadLocal;)Ljava/lang/Object; @ 4
Event: 7.311 Thread 0x0000000001ec8000 Uncommon trap: reason=class_check action=maybe_recompile pc=0x00000000024440dc method=java.util.Properties$LineReader.readLine()I @ 402
Event: 7.311 Thread 0x0000000001ec8000 Uncommon trap: reason=class_check action=maybe_recompile pc=0x000000000244871c method=java.util.concurrent.ConcurrentHashMap$Segment.put(Ljava/lang/Object;ILjava/lang/Object;Z)Ljava/lang/Object; @ 77

Internal exceptions (10 events):
Event: 241.260 Thread 0x0000000001ec8000 Threw 0x00000007d6179260 at C:\re\jdk7u55\869\hotspot\src\share\vm\prims\jvm.cpp:1244
Event: 241.261 Thread 0x0000000001ec8000 Threw 0x00000007d617c3a0 at C:\re\jdk7u55\869\hotspot\src\share\vm\prims\jvm.cpp:1244
Event: 241.261 Thread 0x0000000001ec8000 Threw 0x00000007d617cd60 at C:\re\jdk7u55\869\hotspot\src\share\vm\prims\jvm.cpp:1244
Event: 241.262 Thread 0x0000000001ec8000 Threw 0x00000007d617fea0 at C:\re\jdk7u55\869\hotspot\src\share\vm\prims\jvm.cpp:1244
Event: 259.108 Thread 0x0000000001ec8000 Threw 0x00000007d6186268 at C:\re\jdk7u55\869\hotspot\src\share\vm\prims\jvm.cpp:1244
Event: 259.109 Thread 0x0000000001ec8000 Threw 0x00000007d61895e8 at C:\re\jdk7u55\869\hotspot\src\share\vm\prims\jvm.cpp:1244
Event: 259.110 Thread 0x0000000001ec8000 Threw 0x00000007d6189fe8 at C:\re\jdk7u55\869\hotspot\src\share\vm\prims\jvm.cpp:1244
Event: 259.110 Thread 0x0000000001ec8000 Threw 0x00000007d618d458 at C:\re\jdk7u55\869\hotspot\src\share\vm\prims\jvm.cpp:1244
Event: 260.584 Thread 0x0000000001ec8000 Threw 0x00000007d6193fe8 at C:\re\jdk7u55\869\hotspot\src\share\vm\prims\jvm.cpp:1244
Event: 260.585 Thread 0x0000000001ec8000 Threw 0x00000007d6196d08 at C:\re\jdk7u55\869\hotspot\src\share\vm\prims\jvm.cpp:1244

Events (10 events):
Event: 328.287 Executing VM operation: GetOrSetLocal
Event: 328.287 Executing VM operation: GetOrSetLocal done
Event: 328.287 Executing VM operation: GetOrSetLocal
Event: 328.287 Executing VM operation: GetOrSetLocal done
Event: 335.588 Executing VM operation: GetOrSetLocal
Event: 335.588 Executing VM operation: GetOrSetLocal done
Event: 335.589 Executing VM operation: GetOrSetLocal
Event: 335.589 Executing VM operation: GetOrSetLocal done
Event: 698.591 Executing VM operation: RedefineClasses
Event: 698.592 Executing VM operation: RedefineClasses done


Dynamic libraries:
0x000000013f180000 - 0x000000013f1b3000 	C:\java\jdk1.7.0_55\bin\javaw.exe
0x0000000077250000 - 0x00000000773f9000 	C:\Windows\SYSTEM32\ntdll.dll
0x0000000077130000 - 0x000000007724f000 	C:\Windows\system32\kernel32.dll
0x000007fefd080000 - 0x000007fefd0ec000 	C:\Windows\system32\KERNELBASE.dll
0x000007fefeb30000 - 0x000007fefec0b000 	C:\Windows\system32\ADVAPI32.dll
0x000007fefec20000 - 0x000007fefecbf000 	C:\Windows\system32\msvcrt.dll
0x000007feff440000 - 0x000007feff45f000 	C:\Windows\SYSTEM32\sechost.dll
0x000007fefe360000 - 0x000007fefe48d000 	C:\Windows\system32\RPCRT4.dll
0x0000000077030000 - 0x000000007712a000 	C:\Windows\system32\USER32.dll
0x000007fefeac0000 - 0x000007fefeb27000 	C:\Windows\system32\GDI32.dll
0x000007fefe4b0000 - 0x000007fefe4be000 	C:\Windows\system32\LPK.dll
0x000007feff460000 - 0x000007feff529000 	C:\Windows\system32\USP10.dll
0x000007fefbb40000 - 0x000007fefbd34000 	C:\Windows\WinSxS\amd64_microsoft.windows.common-controls_6595b64144ccf1df_6.0.7601.17514_none_fa396087175ac9ac\COMCTL32.dll
0x000007fefea40000 - 0x000007fefeab1000 	C:\Windows\system32\SHLWAPI.dll
0x000007feff530000 - 0x000007feff55e000 	C:\Windows\system32\IMM32.DLL
0x000007fefe250000 - 0x000007fefe359000 	C:\Windows\system32\MSCTF.dll
0x0000000061500000 - 0x00000000615d2000 	C:\java\jdk1.7.0_55\jre\bin\msvcr100.dll
0x0000000060210000 - 0x00000000609d9000 	C:\java\jdk1.7.0_55\jre\bin\server\jvm.dll
0x000007fef9ae0000 - 0x000007fef9ae9000 	C:\Windows\system32\WSOCK32.dll
0x000007fefee90000 - 0x000007fefeedd000 	C:\Windows\system32\WS2_32.dll
0x000007fefec10000 - 0x000007fefec18000 	C:\Windows\system32\NSI.dll
0x000007fefb0b0000 - 0x000007fefb0eb000 	C:\Windows\system32\WINMM.dll
0x0000000077420000 - 0x0000000077427000 	C:\Windows\system32\PSAPI.DLL
0x0000000061a80000 - 0x0000000061a8f000 	C:\java\jdk1.7.0_55\jre\bin\verify.dll
0x0000000061690000 - 0x00000000616b8000 	C:\java\jdk1.7.0_55\jre\bin\java.dll
0x000000006f6f0000 - 0x000000006f725000 	C:\java\jdk1.7.0_55\jre\bin\jdwp.dll
0x0000000071f90000 - 0x0000000071f98000 	C:\java\jdk1.7.0_55\jre\bin\npt.dll
0x0000000061850000 - 0x0000000061865000 	C:\java\jdk1.7.0_55\jre\bin\zip.dll
0x0000000071480000 - 0x0000000071489000 	C:\java\jdk1.7.0_55\jre\bin\dt_socket.dll
0x000007fefa760000 - 0x000007fefa775000 	C:\Windows\system32\NLAapi.dll
0x000007fef7530000 - 0x000007fef7545000 	C:\Windows\system32\napinsp.dll
0x000007fef7510000 - 0x000007fef7529000 	C:\Windows\system32\pnrpnsp.dll
0x00000000736e0000 - 0x0000000073706000 	C:\Program Files\Bonjour\mdnsNSP.dll
0x000007fef9a60000 - 0x000007fef9a87000 	C:\Windows\system32\Iphlpapi.DLL
0x000007fef9a50000 - 0x000007fef9a5b000 	C:\Windows\system32\WINNSI.DLL
0x000007fef74f0000 - 0x000007fef7500000 	C:\Windows\system32\wshbth.dll
0x000007fefc800000 - 0x000007fefc855000 	C:\Windows\System32\mswsock.dll
0x000007fefc680000 - 0x000007fefc6db000 	C:\Windows\system32\DNSAPI.dll
0x000007fef7490000 - 0x000007fef749b000 	C:\Windows\System32\winrnr.dll
0x000007fef9570000 - 0x000007fef95c3000 	C:\Windows\System32\fwpuclnt.dll
0x000007fef7680000 - 0x000007fef7688000 	C:\Windows\system32\rasadhlp.dll
0x000007fefc140000 - 0x000007fefc147000 	C:\Windows\System32\wshtcpip.dll
0x0000000061610000 - 0x0000000061629000 	C:\java\jdk1.7.0_55\jre\bin\net.dll
0x000007fefc7f0000 - 0x000007fefc7f7000 	C:\Windows\System32\wship6.dll
0x00000000727a0000 - 0x00000000727b1000 	C:\java\jdk1.7.0_55\jre\bin\nio.dll
0x0000000071f70000 - 0x0000000071f7b000 	C:\java\jdk1.7.0_55\jre\bin\management.dll
0x000007fefa450000 - 0x000007fefa575000 	C:\Windows\system32\dbghelp.dll

VM Arguments:
jvm_args: -agentlib:jdwp=transport=dt_socket,suspend=y,address=localhost:50897 -ea -Dlog4j.Log4jDefaultStatusLevel=DEBUG -Dfile.encoding=Cp1252 
java_command: org.xmlsh.sh.shell.Shell
Launcher Type: SUN_STANDARD

Environment Variables:
PATH=C:\java\jdk1.7.0_55\jre\bin;C:\Windows\system32;C:\Windows;C:\Windows\System32\Wbem;C:\Windows\System32\WindowsPowerShell\v1.0\;C:\Program Files (x86)\ATI Technologies\ATI.ACE\Core-Static;C:\Program Files\WIDCOMM\Bluetooth Software\;C:\Program Files\WIDCOMM\Bluetooth Software\syswow64;C:\Program Files (x86)\Common Files\Roxio Shared\DLLShared\;C:\Program Files (x86)\Common Files\Roxio Shared\OEM\DLLShared\;C:\Program Files (x86)\Common Files\Roxio Shared\OEM\DLLShared\;C:\Program Files (x86)\Common Files\Roxio Shared\OEM\12.0\DLLShared\;C:\Program Files (x86)\Roxio\OEM\AudioCore\;C:\Program Files\TortoiseSVN\bin;C:\Program Files (x86)\Common Files\Acronis\SnapAPI\;C:\Program Files (x86)\Hewlett-Packard\HP ProtectTools Security Manager\Bin\;C:\Program Files (x86)\Calibre2\;C:\Program Files\TortoiseGit\bin;C:\Program Files\Amazon\AWSCLI\;c:/cygwin/bin
USERNAME=DLEE
OS=Windows_NT
PROCESSOR_IDENTIFIER=Intel64 Family 6 Model 42 Stepping 7, GenuineIntel



---------------  S Y S T E M  ---------------

OS: Windows 7 , 64 bit Build 7601 Service Pack 1

CPU:total 8 (4 cores per cpu, 2 threads per core) family 6 model 42 stepping 7, cmov, cx8, fxsr, mmx, sse, sse2, sse3, ssse3, sse4.1, sse4.2, popcnt, avx, aes, ht, tsc, tscinvbit

Memory: 4k page, physical 8337776k(4711940k free), swap 16673688k(12059868k free)

vm_info: Java HotSpot(TM) 64-Bit Server VM (24.55-b03) for windows-amd64 JRE (1.7.0_55-b13), built on Mar 17 2014 19:45:30 by "java_re" with unknown MS VC++:1600

time: Sun Sep 21 23:58:22 2014
elapsed time: 698 seconds

